<?xml version="1.0" encoding="UTF-8"?>
<!-- Generated by org.testng.reporters.JUnitReportReporter -->
<testsuite hostname="Umair-G5" failures="0" tests="4" name="Day_1.httpRequest" time="5.278" errors="0" timestamp="2023-10-19T12:09:54 PKT" skipped="0">
  <testcase classname="Day_1.httpRequest" name="getUsers" time="3.072"/>
  <testcase classname="Day_1.httpRequest" name="createUser" time="0.904"/>
  <testcase classname="Day_1.httpRequest" name="updateUser" time="0.760"/>
  <testcase classname="Day_1.httpRequest" name="deleteUser" time="0.542"/>
</testsuite> <!-- Day_1.httpRequest -->
